<?xml version="1.0" encoding="UTF-8"?>
<!-- Generated by org.testng.reporters.JUnitReportReporter -->
<testsuite skipped="0" hostname="DESKTOP-2VHP4PC" name="com.seleniumtest.LoginTest" tests="1" failures="0" timestamp="2020-07-18T00:34:47 IST" time="18.859" errors="0">
  <testcase name="loginTest" time="18.859" classname="com.seleniumtest.LoginTest"/>
  <system-out/>
</testsuite> <!-- com.seleniumtest.LoginTest -->
