<?xml version="1.0" encoding="UTF-8"?>
<!-- Generated by org.testng.reporters.JUnitReportReporter -->
<testsuite skipped="0" hostname="DESKTOP-2VHP4PC" name="com.seleniumtest.RegistrationTest" tests="1" failures="0" timestamp="2020-07-17T20:26:22 IST" time="32.884" errors="0">
  <testcase name="registrationTest" time="32.884" classname="com.seleniumtest.RegistrationTest"/>
  <system-out/>
</testsuite> <!-- com.seleniumtest.RegistrationTest -->
