<?xml version="1.0" encoding="UTF-8"?>
<!-- Generated by org.testng.reporters.JUnitReportReporter -->
<testsuite skipped="0" hostname="DESKTOP-2VHP4PC" name="com.seleniumtest.AddToCartTest" tests="1" failures="0" timestamp="2020-07-17T23:50:53 IST" time="18.972" errors="0">
  <testcase name="addToCartTest" time="18.972" classname="com.seleniumtest.AddToCartTest"/>
  <system-out/>
</testsuite> <!-- com.seleniumtest.AddToCartTest -->
