<?xml version="1.0" encoding="UTF-8"?>
<!-- Generated by org.testng.reporters.JUnitReportReporter -->
<testsuite skipped="0" hostname="DESKTOP-2VHP4PC" name="com.seleniumtest.SearchBarTest" tests="1" failures="0" timestamp="2020-07-17T23:45:41 IST" time="19.042" errors="0">
  <testcase name="searchBarTest" time="19.042" classname="com.seleniumtest.SearchBarTest"/>
  <system-out/>
</testsuite> <!-- com.seleniumtest.SearchBarTest -->
